This file contains any messages produced by compilers while
running configure, to aid debugging if configure makes a mistake.

It was created by tk configure 8.6, which was
generated by GNU Autoconf 2.59.  Invocation command line was

  $ ./configure --build=i586-alpine-linux-musl --host=i586-alpine-linux-musl --prefix=/usr --mandir=/usr/share/man --disable-64bit

## --------- ##
## Platform. ##
## --------- ##

hostname = c2c75a9a29fc
uname -m = x86_64
uname -r = 6.12.43+deb13-amd64
uname -s = Linux
uname -v = #1 SMP PREEMPT_DYNAMIC Debian 6.12.43-1 (2025-08-27)

/usr/bin/uname -p = unknown
/bin/uname -X     = unknown

/bin/arch              = x86_64
/usr/bin/arch -k       = unknown
/usr/convex/getsysinfo = unknown
hostinfo               = unknown
/bin/machine           = unknown
/usr/bin/oslevel       = unknown
/bin/universe          = unknown

PATH: /bin
PATH: /usr/bin
PATH: /sbin
PATH: /usr/sbin
PATH: /usr/local/sbin
PATH: /usr/local/bin


## ----------- ##
## Core tests. ##
## ----------- ##

configure:1365: checking for Tcl configuration
configure:1472: result: found /usr/lib/tclConfig.sh
configure:1478: checking for existence of /usr/lib/tclConfig.sh
configure:1482: result: loading
configure:1563: checking for tclsh
configure:1587: result: /usr/bin/tclsh8.6
configure:1598: checking for tclsh in Tcl build directory
configure:1601: result: /usr/lib/tclsh
configure:1625: checking whether to use symlinks for manpages
configure:1634: result: no
configure:1637: checking whether to compress the manpages
configure:1652: result: no
configure:1666: checking whether to add a package name suffix for the manpages
configure:1679: result: no
configure:1703: checking for i586-alpine-linux-musl-gcc
configure:1729: result: gcc
configure:2011: checking for C compiler version
configure:2014: gcc --version </dev/null >&5
gcc (Alpine 10.3.1_git20210424) 10.3.1 20210424
Copyright (C) 2020 Free Software Foundation, Inc.
This is free software; see the source for copying conditions.  There is NO
warranty; not even for MERCHANTABILITY or FITNESS FOR A PARTICULAR PURPOSE.

configure:2017: $? = 0
configure:2019: gcc -v </dev/null >&5
Using built-in specs.
COLLECT_GCC=gcc
COLLECT_LTO_WRAPPER=/usr/libexec/gcc/i586-alpine-linux-musl/10.3.1/lto-wrapper
Target: i586-alpine-linux-musl
Configured with: /home/buildozer/aports/main/gcc/src/gcc-10.3.1_git20210424/configure --prefix=/usr --mandir=/usr/share/man --infodir=/usr/share/info --build=i586-alpine-linux-musl --host=i586-alpine-linux-musl --target=i586-alpine-linux-musl --with-pkgversion='Alpine 10.3.1_git20210424' --enable-checking=release --disable-fixed-point --disable-libstdcxx-pch --disable-multilib --disable-nls --disable-werror --disable-symvers --enable-__cxa_atexit --enable-default-pie --enable-default-ssp --enable-cloog-backend --enable-languages=c,c++,d,objc,go,fortran,ada --with-arch=i586 --with-tune=generic --enable-cld --disable-libssp --disable-libmpx --disable-libmudflap --disable-libsanitizer --enable-shared --enable-threads --enable-tls --with-system-zlib --with-linker-hash-style=gnu
Thread model: posix
Supported LTO compression algorithms: zlib
gcc version 10.3.1 20210424 (Alpine 10.3.1_git20210424) 
configure:2022: $? = 0
configure:2024: gcc -V </dev/null >&5
gcc: error: unrecognized command-line option '-V'
gcc: fatal error: no input files
compilation terminated.
configure:2027: $? = 1
configure:2050: checking for C compiler default output file name
configure:2053: gcc -Os -fomit-frame-pointer -g -Os -fomit-frame-pointer -Wl,--as-needed,-O1,--sort-common conftest.c  >&5
configure:2056: $? = 0
configure:2102: result: a.out
configure:2107: checking whether the C compiler works
configure:2113: ./a.out
configure:2116: $? = 0
configure:2133: result: yes
configure:2140: checking whether we are cross compiling
configure:2142: result: no
configure:2145: checking for suffix of executables
configure:2147: gcc -o conftest -Os -fomit-frame-pointer -g -Os -fomit-frame-pointer -Wl,--as-needed,-O1,--sort-common conftest.c  >&5
configure:2150: $? = 0
configure:2175: result: 
configure:2181: checking for suffix of object files
configure:2202: gcc -c -Os -fomit-frame-pointer -g -Os -fomit-frame-pointer conftest.c >&5
configure:2205: $? = 0
configure:2227: result: o
configure:2231: checking whether we are using the GNU C compiler
configure:2255: gcc -c -Os -fomit-frame-pointer -g -Os -fomit-frame-pointer conftest.c >&5
configure:2261: $? = 0
configure:2265: test -z 
			 || test ! -s conftest.err
configure:2268: $? = 0
configure:2271: test -s conftest.o
configure:2274: $? = 0
configure:2287: result: yes
configure:2293: checking whether gcc accepts -g
configure:2314: gcc -c -g -Os -fomit-frame-pointer conftest.c >&5
configure:2320: $? = 0
configure:2324: test -z 
			 || test ! -s conftest.err
configure:2327: $? = 0
configure:2330: test -s conftest.o
configure:2333: $? = 0
configure:2344: result: yes
configure:2361: checking for gcc option to accept ANSI C
configure:2431: gcc  -c -Os -fomit-frame-pointer -g -Os -fomit-frame-pointer conftest.c >&5
configure:2437: $? = 0
configure:2441: test -z 
			 || test ! -s conftest.err
configure:2444: $? = 0
configure:2447: test -s conftest.o
configure:2450: $? = 0
configure:2468: result: none needed
configure:2486: gcc -c -Os -fomit-frame-pointer -g -Os -fomit-frame-pointer conftest.c >&5
conftest.c:2:3: error: unknown type name 'choke'
    2 |   choke me
      |   ^~~~~
conftest.c:2:3: error: expected '=', ',', ';', 'asm' or '__attribute__' at end of input
configure:2492: $? = 1
configure: failed program was:
| #ifndef __cplusplus
|   choke me
| #endif
configure:2626: checking for inline
configure:2647: gcc -c -Os -fomit-frame-pointer -g -Os -fomit-frame-pointer conftest.c >&5
configure:2653: $? = 0
configure:2657: test -z 
			 || test ! -s conftest.err
configure:2660: $? = 0
configure:2663: test -s conftest.o
configure:2666: $? = 0
configure:2678: result: inline
configure:2708: checking how to run the C preprocessor
configure:2743: gcc -E -Os -fomit-frame-pointer conftest.c
configure:2749: $? = 0
configure:2781: gcc -E -Os -fomit-frame-pointer conftest.c
conftest.c:9:10: fatal error: ac_nonexistent.h: No such file or directory
    9 | #include <ac_nonexistent.h>
      |          ^~~~~~~~~~~~~~~~~~
compilation terminated.
configure:2787: $? = 1
configure: failed program was:
| /* confdefs.h.  */
| 
| #define PACKAGE_NAME "tk"
| #define PACKAGE_TARNAME "tk"
| #define PACKAGE_VERSION "8.6"
| #define PACKAGE_STRING "tk 8.6"
| #define PACKAGE_BUGREPORT ""
| /* end confdefs.h.  */
| #include <ac_nonexistent.h>
configure:2826: result: gcc -E
configure:2850: gcc -E -Os -fomit-frame-pointer conftest.c
configure:2856: $? = 0
configure:2888: gcc -E -Os -fomit-frame-pointer conftest.c
conftest.c:9:10: fatal error: ac_nonexistent.h: No such file or directory
    9 | #include <ac_nonexistent.h>
      |          ^~~~~~~~~~~~~~~~~~
compilation terminated.
configure:2894: $? = 1
configure: failed program was:
| /* confdefs.h.  */
| 
| #define PACKAGE_NAME "tk"
| #define PACKAGE_TARNAME "tk"
| #define PACKAGE_VERSION "8.6"
| #define PACKAGE_STRING "tk 8.6"
| #define PACKAGE_BUGREPORT ""
| /* end confdefs.h.  */
| #include <ac_nonexistent.h>
configure:2938: checking for egrep
configure:2948: result: grep -E
configure:2953: checking for ANSI C header files
configure:2978: gcc -c -Os -fomit-frame-pointer -g -Os -fomit-frame-pointer conftest.c >&5
configure:2984: $? = 0
configure:2988: test -z 
			 || test ! -s conftest.err
configure:2991: $? = 0
configure:2994: test -s conftest.o
configure:2997: $? = 0
configure:3086: gcc -o conftest -Os -fomit-frame-pointer -g -Os -fomit-frame-pointer -Wl,--as-needed,-O1,--sort-common conftest.c  >&5
conftest.c: In function 'main':
conftest.c:26:7: warning: implicit declaration of function 'exit' [-Wimplicit-function-declaration]
   26 |       exit(2);
      |       ^~~~
conftest.c:26:7: warning: incompatible implicit declaration of built-in function 'exit'
conftest.c:10:1: note: include '<stdlib.h>' or provide a declaration of 'exit'
    9 | #include <ctype.h>
  +++ |+#include <stdlib.h>
   10 | #if ((' ' & 0x0FF) == 0x020)
conftest.c:27:3: warning: incompatible implicit declaration of built-in function 'exit'
   27 |   exit (0);
      |   ^~~~
conftest.c:27:3: note: include '<stdlib.h>' or provide a declaration of 'exit'
configure:3089: $? = 0
configure:3091: ./conftest
configure:3094: $? = 0
configure:3109: result: yes
configure:3133: checking for sys/types.h
configure:3149: gcc -c -Os -fomit-frame-pointer -g -Os -fomit-frame-pointer conftest.c >&5
configure:3155: $? = 0
configure:3159: test -z 
			 || test ! -s conftest.err
configure:3162: $? = 0
configure:3165: test -s conftest.o
configure:3168: $? = 0
configure:3179: result: yes
configure:3133: checking for sys/stat.h
configure:3149: gcc -c -Os -fomit-frame-pointer -g -Os -fomit-frame-pointer conftest.c >&5
configure:3155: $? = 0
configure:3159: test -z 
			 || test ! -s conftest.err
configure:3162: $? = 0
configure:3165: test -s conftest.o
configure:3168: $? = 0
configure:3179: result: yes
configure:3133: checking for stdlib.h
configure:3149: gcc -c -Os -fomit-frame-pointer -g -Os -fomit-frame-pointer conftest.c >&5
configure:3155: $? = 0
configure:3159: test -z 
			 || test ! -s conftest.err
configure:3162: $? = 0
configure:3165: test -s conftest.o
configure:3168: $? = 0
configure:3179: result: yes
configure:3133: checking for string.h
configure:3149: gcc -c -Os -fomit-frame-pointer -g -Os -fomit-frame-pointer conftest.c >&5
configure:3155: $? = 0
configure:3159: test -z 
			 || test ! -s conftest.err
configure:3162: $? = 0
configure:3165: test -s conftest.o
configure:3168: $? = 0
configure:3179: result: yes
configure:3133: checking for memory.h
configure:3149: gcc -c -Os -fomit-frame-pointer -g -Os -fomit-frame-pointer conftest.c >&5
configure:3155: $? = 0
configure:3159: test -z 
			 || test ! -s conftest.err
configure:3162: $? = 0
configure:3165: test -s conftest.o
configure:3168: $? = 0
configure:3179: result: yes
configure:3133: checking for strings.h
configure:3149: gcc -c -Os -fomit-frame-pointer -g -Os -fomit-frame-pointer conftest.c >&5
configure:3155: $? = 0
configure:3159: test -z 
			 || test ! -s conftest.err
configure:3162: $? = 0
configure:3165: test -s conftest.o
configure:3168: $? = 0
configure:3179: result: yes
configure:3133: checking for inttypes.h
configure:3149: gcc -c -Os -fomit-frame-pointer -g -Os -fomit-frame-pointer conftest.c >&5
configure:3155: $? = 0
configure:3159: test -z 
			 || test ! -s conftest.err
configure:3162: $? = 0
configure:3165: test -s conftest.o
configure:3168: $? = 0
configure:3179: result: yes
configure:3133: checking for stdint.h
configure:3149: gcc -c -Os -fomit-frame-pointer -g -Os -fomit-frame-pointer conftest.c >&5
configure:3155: $? = 0
configure:3159: test -z 
			 || test ! -s conftest.err
configure:3162: $? = 0
configure:3165: test -s conftest.o
configure:3168: $? = 0
configure:3179: result: yes
configure:3133: checking for unistd.h
configure:3149: gcc -c -Os -fomit-frame-pointer -g -Os -fomit-frame-pointer conftest.c >&5
configure:3155: $? = 0
configure:3159: test -z 
			 || test ! -s conftest.err
configure:3162: $? = 0
configure:3165: test -s conftest.o
configure:3168: $? = 0
configure:3179: result: yes
configure:3192: checking for stdlib.h
configure:3197: result: yes
configure:3400: checking if the compiler understands -pipe
configure:3423: gcc -c -Os -fomit-frame-pointer -g -pipe -Os -fomit-frame-pointer conftest.c >&5
configure:3429: $? = 0
configure:3433: test -z 
			 || test ! -s conftest.err
configure:3436: $? = 0
configure:3439: test -s conftest.o
configure:3442: $? = 0
configure:3454: result: yes
configure:3504: checking for pthread_mutex_init in -lpthread
configure:3534: gcc -o conftest -Os -fomit-frame-pointer -g -pipe -Os -fomit-frame-pointer -Wl,--as-needed,-O1,--sort-common conftest.c -lpthread   >&5
configure:3540: $? = 0
configure:3544: test -z 
			 || test ! -s conftest.err
configure:3547: $? = 0
configure:3550: test -s conftest
configure:3553: $? = 0
configure:3566: result: yes
configure:3893: checking for pthread_attr_setstacksize
configure:3950: gcc -o conftest -Os -fomit-frame-pointer -g -pipe -Os -fomit-frame-pointer -Wl,--as-needed,-O1,--sort-common conftest.c   -lpthread >&5
configure:3956: $? = 0
configure:3960: test -z 
			 || test ! -s conftest.err
configure:3963: $? = 0
configure:3966: test -s conftest
configure:3969: $? = 0
configure:3981: result: yes
configure:3893: checking for pthread_atfork
configure:3950: gcc -o conftest -Os -fomit-frame-pointer -g -pipe -Os -fomit-frame-pointer -Wl,--as-needed,-O1,--sort-common conftest.c   -lpthread >&5
configure:3956: $? = 0
configure:3960: test -z 
			 || test ! -s conftest.err
configure:3963: $? = 0
configure:3966: test -s conftest
configure:3969: $? = 0
configure:3981: result: yes
configure:3996: checking for building with threads
configure:4005: result: yes (threaded core)
configure:4023: checking how to build libraries
configure:4041: result: shared
configure:4065: checking for i586-alpine-linux-musl-ranlib
configure:4094: result: no
configure:4103: checking for ranlib
configure:4119: found /usr/bin/ranlib
configure:4130: result: ranlib
configure:4146: checking if 64bit support is requested
configure:4155: result: no
configure:4160: checking if 64bit Sparc VIS support is requested
configure:4169: result: no
configure:4180: checking if compiler supports visibility "hidden"
configure:4205: gcc -o conftest -Os -fomit-frame-pointer -g -pipe -Werror -Os -fomit-frame-pointer -Wl,--as-needed,-O1,--sort-common conftest.c  -lpthread >&5
configure:4211: $? = 0
configure:4215: test -z 
			 || test ! -s conftest.err
configure:4218: $? = 0
configure:4221: test -s conftest
configure:4224: $? = 0
configure:4237: result: yes
configure:4257: checking if rpath support is requested
configure:4266: result: yes
configure:4273: checking system version
configure:4304: result: Linux-6.12.43+deb13-amd64
configure:4312: checking for dlopen in -ldl
configure:4342: gcc -o conftest -Os -fomit-frame-pointer -g -pipe -Os -fomit-frame-pointer -Wl,--as-needed,-O1,--sort-common conftest.c -ldl   -lpthread >&5
configure:4348: $? = 0
configure:4352: test -z 
			 || test ! -s conftest.err
configure:4355: $? = 0
configure:4358: test -s conftest
configure:4361: $? = 0
configure:4374: result: yes
configure:4417: checking for i586-alpine-linux-musl-ar
configure:4446: result: no
configure:4455: checking for ar
configure:4471: found /usr/bin/ar
configure:4481: result: ar
configure:6717: checking for cast to union support
configure:6741: gcc -c -Os -fomit-frame-pointer -g -pipe -Os -fomit-frame-pointer conftest.c >&5
configure:6747: $? = 0
configure:6751: test -z 
			 || test ! -s conftest.err
configure:6754: $? = 0
configure:6757: test -s conftest.o
configure:6760: $? = 0
configure:6772: result: yes
configure:6824: checking for build with symbols
configure:6843: result: no
configure:6887: checking for required early compiler flags
configure:6910: gcc -c -Os -fomit-frame-pointer -g -pipe -Os -fomit-frame-pointer conftest.c >&5
configure:6916: $? = 0
configure:6920: test -z 
			 || test ! -s conftest.err
configure:6923: $? = 0
configure:6926: test -s conftest.o
configure:6929: $? = 0
configure:7015: gcc -c -Os -fomit-frame-pointer -g -pipe -Os -fomit-frame-pointer conftest.c >&5
conftest.c: In function 'main':
conftest.c:35:15: error: storage size of 'buf' isn't known
   35 | struct stat64 buf; int i = stat64("/", &buf);
      |               ^~~
conftest.c:35:28: warning: implicit declaration of function 'stat64'; did you mean 'stat'? [-Wimplicit-function-declaration]
   35 | struct stat64 buf; int i = stat64("/", &buf);
      |                            ^~~~~~
      |                            stat
configure:7021: $? = 1
configure: failed program was:
| /* confdefs.h.  */
| 
| #define PACKAGE_NAME "tk"
| #define PACKAGE_TARNAME "tk"
| #define PACKAGE_VERSION "8.6"
| #define PACKAGE_STRING "tk 8.6"
| #define PACKAGE_BUGREPORT ""
| #define STDC_HEADERS 1
| #define HAVE_SYS_TYPES_H 1
| #define HAVE_SYS_STAT_H 1
| #define HAVE_STDLIB_H 1
| #define HAVE_STRING_H 1
| #define HAVE_MEMORY_H 1
| #define HAVE_STRINGS_H 1
| #define HAVE_INTTYPES_H 1
| #define HAVE_STDINT_H 1
| #define HAVE_UNISTD_H 1
| #define USE_THREAD_ALLOC 1
| #define _REENTRANT 1
| #define _THREAD_SAFE 1
| #define HAVE_PTHREAD_ATTR_SETSTACKSIZE 1
| #define HAVE_PTHREAD_ATFORK 1
| #define TCL_THREADS 1
| #define MODULE_SCOPE extern __attribute__((__visibility__("hidden")))
| #define HAVE_HIDDEN 1
| #define HAVE_CAST_TO_UNION 1
| #define TCL_SHLIB_EXT ".so"
| #define NDEBUG 1
| #define TCL_CFG_OPTIMIZED 1
| /* end confdefs.h.  */
| #include <sys/stat.h>
| int
| main ()
| {
| struct stat64 buf; int i = stat64("/", &buf);
|   ;
|   return 0;
| }
configure:7058: gcc -c -Os -fomit-frame-pointer -g -pipe -Os -fomit-frame-pointer conftest.c >&5
configure:7064: $? = 0
configure:7068: test -z 
			 || test ! -s conftest.err
configure:7071: $? = 0
configure:7074: test -s conftest.o
configure:7077: $? = 0
configure:7120: gcc -c -Os -fomit-frame-pointer -g -pipe -Os -fomit-frame-pointer conftest.c >&5
conftest.c: In function 'main':
conftest.c:36:19: error: 'open64' undeclared (first use in this function)
   36 | char *p = (char *)open64;
      |                   ^~~~~~
conftest.c:36:19: note: each undeclared identifier is reported only once for each function it appears in
configure:7126: $? = 1
configure: failed program was:
| /* confdefs.h.  */
| 
| #define PACKAGE_NAME "tk"
| #define PACKAGE_TARNAME "tk"
| #define PACKAGE_VERSION "8.6"
| #define PACKAGE_STRING "tk 8.6"
| #define PACKAGE_BUGREPORT ""
| #define STDC_HEADERS 1
| #define HAVE_SYS_TYPES_H 1
| #define HAVE_SYS_STAT_H 1
| #define HAVE_STDLIB_H 1
| #define HAVE_STRING_H 1
| #define HAVE_MEMORY_H 1
| #define HAVE_STRINGS_H 1
| #define HAVE_INTTYPES_H 1
| #define HAVE_STDINT_H 1
| #define HAVE_UNISTD_H 1
| #define USE_THREAD_ALLOC 1
| #define _REENTRANT 1
| #define _THREAD_SAFE 1
| #define HAVE_PTHREAD_ATTR_SETSTACKSIZE 1
| #define HAVE_PTHREAD_ATFORK 1
| #define TCL_THREADS 1
| #define MODULE_SCOPE extern __attribute__((__visibility__("hidden")))
| #define HAVE_HIDDEN 1
| #define HAVE_CAST_TO_UNION 1
| #define TCL_SHLIB_EXT ".so"
| #define NDEBUG 1
| #define TCL_CFG_OPTIMIZED 1
| #define _LARGEFILE64_SOURCE 1
| /* end confdefs.h.  */
| #include <sys/stat.h>
| int
| main ()
| {
| char *p = (char *)open64;
|   ;
|   return 0;
| }
configure:7163: gcc -c -Os -fomit-frame-pointer -g -pipe -Os -fomit-frame-pointer conftest.c >&5
conftest.c: In function 'main':
conftest.c:37:19: error: 'open64' undeclared (first use in this function)
   37 | char *p = (char *)open64;
      |                   ^~~~~~
conftest.c:37:19: note: each undeclared identifier is reported only once for each function it appears in
configure:7169: $? = 1
configure: failed program was:
| /* confdefs.h.  */
| 
| #define PACKAGE_NAME "tk"
| #define PACKAGE_TARNAME "tk"
| #define PACKAGE_VERSION "8.6"
| #define PACKAGE_STRING "tk 8.6"
| #define PACKAGE_BUGREPORT ""
| #define STDC_HEADERS 1
| #define HAVE_SYS_TYPES_H 1
| #define HAVE_SYS_STAT_H 1
| #define HAVE_STDLIB_H 1
| #define HAVE_STRING_H 1
| #define HAVE_MEMORY_H 1
| #define HAVE_STRINGS_H 1
| #define HAVE_INTTYPES_H 1
| #define HAVE_STDINT_H 1
| #define HAVE_UNISTD_H 1
| #define USE_THREAD_ALLOC 1
| #define _REENTRANT 1
| #define _THREAD_SAFE 1
| #define HAVE_PTHREAD_ATTR_SETSTACKSIZE 1
| #define HAVE_PTHREAD_ATFORK 1
| #define TCL_THREADS 1
| #define MODULE_SCOPE extern __attribute__((__visibility__("hidden")))
| #define HAVE_HIDDEN 1
| #define HAVE_CAST_TO_UNION 1
| #define TCL_SHLIB_EXT ".so"
| #define NDEBUG 1
| #define TCL_CFG_OPTIMIZED 1
| #define _LARGEFILE64_SOURCE 1
| /* end confdefs.h.  */
| #define _LARGEFILE_SOURCE64 1
| #include <sys/stat.h>
| int
| main ()
| {
| char *p = (char *)open64;
|   ;
|   return 0;
| }
configure:7209: result:  _LARGEFILE64_SOURCE
configure:7215: checking for 64-bit integer type
configure:7239: gcc -c -Os -fomit-frame-pointer -g -pipe -Os -fomit-frame-pointer conftest.c >&5
conftest.c: In function 'main':
conftest.c:36:1: error: unknown type name '__int64'
   36 | __int64 value = (__int64) 0;
      | ^~~~~~~
conftest.c:36:18: error: '__int64' undeclared (first use in this function)
   36 | __int64 value = (__int64) 0;
      |                  ^~~~~~~
conftest.c:36:18: note: each undeclared identifier is reported only once for each function it appears in
conftest.c:36:27: error: expected ',' or ';' before numeric constant
   36 | __int64 value = (__int64) 0;
      |                           ^
configure:7245: $? = 1
configure: failed program was:
| /* confdefs.h.  */
| 
| #define PACKAGE_NAME "tk"
| #define PACKAGE_TARNAME "tk"
| #define PACKAGE_VERSION "8.6"
| #define PACKAGE_STRING "tk 8.6"
| #define PACKAGE_BUGREPORT ""
| #define STDC_HEADERS 1
| #define HAVE_SYS_TYPES_H 1
| #define HAVE_SYS_STAT_H 1
| #define HAVE_STDLIB_H 1
| #define HAVE_STRING_H 1
| #define HAVE_MEMORY_H 1
| #define HAVE_STRINGS_H 1
| #define HAVE_INTTYPES_H 1
| #define HAVE_STDINT_H 1
| #define HAVE_UNISTD_H 1
| #define USE_THREAD_ALLOC 1
| #define _REENTRANT 1
| #define _THREAD_SAFE 1
| #define HAVE_PTHREAD_ATTR_SETSTACKSIZE 1
| #define HAVE_PTHREAD_ATFORK 1
| #define TCL_THREADS 1
| #define MODULE_SCOPE extern __attribute__((__visibility__("hidden")))
| #define HAVE_HIDDEN 1
| #define HAVE_CAST_TO_UNION 1
| #define TCL_SHLIB_EXT ".so"
| #define NDEBUG 1
| #define TCL_CFG_OPTIMIZED 1
| #define _LARGEFILE64_SOURCE 1
| /* end confdefs.h.  */
| 
| int
| main ()
| {
| __int64 value = (__int64) 0;
|   ;
|   return 0;
| }
configure:7289: gcc -c -Os -fomit-frame-pointer -g -pipe -Os -fomit-frame-pointer conftest.c >&5
configure:7295: $? = 0
configure:7299: test -z 
			 || test ! -s conftest.err
configure:7302: $? = 0
configure:7305: test -s conftest.o
configure:7308: $? = 0
configure:7333: result: long long
configure:7337: checking for struct dirent64
configure:7360: gcc -c -Os -fomit-frame-pointer -g -pipe -Os -fomit-frame-pointer conftest.c >&5
configure:7366: $? = 0
configure:7370: test -z 
			 || test ! -s conftest.err
configure:7373: $? = 0
configure:7376: test -s conftest.o
configure:7379: $? = 0
configure:7390: result: yes
configure:7400: checking for DIR64
configure:7424: gcc -c -Os -fomit-frame-pointer -g -pipe -Os -fomit-frame-pointer conftest.c >&5
conftest.c: In function 'main':
conftest.c:39:21: error: unknown type name 'DIR64'; did you mean 'DIR'?
   39 | struct dirent64 *p; DIR64 d = opendir64(".");
      |                     ^~~~~
      |                     DIR
conftest.c:39:31: warning: implicit declaration of function 'opendir64'; did you mean 'opendir'? [-Wimplicit-function-declaration]
   39 | struct dirent64 *p; DIR64 d = opendir64(".");
      |                               ^~~~~~~~~
      |                               opendir
conftest.c:40:27: warning: passing argument 1 of 'readdir' makes pointer from integer without a cast [-Wint-conversion]
   40 |             p = readdir64(d); rewinddir64(d); closedir64(d);
      |                           ^
      |                           |
      |                           int
In file included from conftest.c:35:
/usr/include/dirent.h:27:24: note: expected 'DIR *' but argument is of type 'int'
   27 | struct dirent *readdir(DIR *);
      |                        ^~~~~
conftest.c:40:31: warning: implicit declaration of function 'rewinddir64'; did you mean 'rewinddir'? [-Wimplicit-function-declaration]
   40 |             p = readdir64(d); rewinddir64(d); closedir64(d);
      |                               ^~~~~~~~~~~
      |                               rewinddir
conftest.c:40:47: warning: implicit declaration of function 'closedir64'; did you mean 'closedir'? [-Wimplicit-function-declaration]
   40 |             p = readdir64(d); rewinddir64(d); closedir64(d);
      |                                               ^~~~~~~~~~
      |                                               closedir
configure:7430: $? = 1
configure: failed program was:
| /* confdefs.h.  */
| 
| #define PACKAGE_NAME "tk"
| #define PACKAGE_TARNAME "tk"
| #define PACKAGE_VERSION "8.6"
| #define PACKAGE_STRING "tk 8.6"
| #define PACKAGE_BUGREPORT ""
| #define STDC_HEADERS 1
| #define HAVE_SYS_TYPES_H 1
| #define HAVE_SYS_STAT_H 1
| #define HAVE_STDLIB_H 1
| #define HAVE_STRING_H 1
| #define HAVE_MEMORY_H 1
| #define HAVE_STRINGS_H 1
| #define HAVE_INTTYPES_H 1
| #define HAVE_STDINT_H 1
| #define HAVE_UNISTD_H 1
| #define USE_THREAD_ALLOC 1
| #define _REENTRANT 1
| #define _THREAD_SAFE 1
| #define HAVE_PTHREAD_ATTR_SETSTACKSIZE 1
| #define HAVE_PTHREAD_ATFORK 1
| #define TCL_THREADS 1
| #define MODULE_SCOPE extern __attribute__((__visibility__("hidden")))
| #define HAVE_HIDDEN 1
| #define HAVE_CAST_TO_UNION 1
| #define TCL_SHLIB_EXT ".so"
| #define NDEBUG 1
| #define TCL_CFG_OPTIMIZED 1
| #define _LARGEFILE64_SOURCE 1
| #define TCL_WIDE_INT_TYPE long long
| #define HAVE_STRUCT_DIRENT64 1
| /* end confdefs.h.  */
| #include <sys/types.h>
| #include <dirent.h>
| int
| main ()
| {
| struct dirent64 *p; DIR64 d = opendir64(".");
|             p = readdir64(d); rewinddir64(d); closedir64(d);
|   ;
|   return 0;
| }
configure:7454: result: no
configure:7464: checking for struct stat64
configure:7487: gcc -c -Os -fomit-frame-pointer -g -pipe -Os -fomit-frame-pointer conftest.c >&5
configure:7493: $? = 0
configure:7497: test -z 
			 || test ! -s conftest.err
configure:7500: $? = 0
configure:7503: test -s conftest.o
configure:7506: $? = 0
configure:7517: result: yes
configure:7532: checking for open64
configure:7589: gcc -o conftest -Os -fomit-frame-pointer -g -pipe -Os -fomit-frame-pointer -Wl,--as-needed,-O1,--sort-common -Wl,--export-dynamic  conftest.c  -lpthread >&5
configure:7595: $? = 0
configure:7599: test -z 
			 || test ! -s conftest.err
configure:7602: $? = 0
configure:7605: test -s conftest
configure:7608: $? = 0
configure:7620: result: yes
configure:7532: checking for lseek64
configure:7589: gcc -o conftest -Os -fomit-frame-pointer -g -pipe -Os -fomit-frame-pointer -Wl,--as-needed,-O1,--sort-common -Wl,--export-dynamic  conftest.c  -lpthread >&5
configure:7595: $? = 0
configure:7599: test -z 
			 || test ! -s conftest.err
configure:7602: $? = 0
configure:7605: test -s conftest
configure:7608: $? = 0
configure:7620: result: yes
configure:7630: checking for off64_t
configure:7653: gcc -c -Os -fomit-frame-pointer -g -pipe -Os -fomit-frame-pointer conftest.c >&5
configure:7659: $? = 0
configure:7663: test -z 
			 || test ! -s conftest.err
configure:7666: $? = 0
configure:7669: test -s conftest.o
configure:7672: $? = 0
configure:7692: result: yes
configure:7705: checking whether byte ordering is bigendian
configure:7732: gcc -c -Os -fomit-frame-pointer -g -pipe -Os -fomit-frame-pointer conftest.c >&5
configure:7738: $? = 0
configure:7742: test -z 
			 || test ! -s conftest.err
configure:7745: $? = 0
configure:7748: test -s conftest.o
configure:7751: $? = 0
configure:7775: gcc -c -Os -fomit-frame-pointer -g -pipe -Os -fomit-frame-pointer conftest.c >&5
conftest.c: In function 'main':
conftest.c:45:2: error: unknown type name 'not'; did you mean 'ino_t'?
   45 |  not big endian
      |  ^~~
      |  ino_t
conftest.c:45:10: error: expected '=', ',', ';', 'asm' or '__attribute__' before 'endian'
   45 |  not big endian
      |          ^~~~~~
configure:7781: $? = 1
configure: failed program was:
| /* confdefs.h.  */
| 
| #define PACKAGE_NAME "tk"
| #define PACKAGE_TARNAME "tk"
| #define PACKAGE_VERSION "8.6"
| #define PACKAGE_STRING "tk 8.6"
| #define PACKAGE_BUGREPORT ""
| #define STDC_HEADERS 1
| #define HAVE_SYS_TYPES_H 1
| #define HAVE_SYS_STAT_H 1
| #define HAVE_STDLIB_H 1
| #define HAVE_STRING_H 1
| #define HAVE_MEMORY_H 1
| #define HAVE_STRINGS_H 1
| #define HAVE_INTTYPES_H 1
| #define HAVE_STDINT_H 1
| #define HAVE_UNISTD_H 1
| #define USE_THREAD_ALLOC 1
| #define _REENTRANT 1
| #define _THREAD_SAFE 1
| #define HAVE_PTHREAD_ATTR_SETSTACKSIZE 1
| #define HAVE_PTHREAD_ATFORK 1
| #define TCL_THREADS 1
| #define MODULE_SCOPE extern __attribute__((__visibility__("hidden")))
| #define HAVE_HIDDEN 1
| #define HAVE_CAST_TO_UNION 1
| #define TCL_SHLIB_EXT ".so"
| #define NDEBUG 1
| #define TCL_CFG_OPTIMIZED 1
| #define _LARGEFILE64_SOURCE 1
| #define TCL_WIDE_INT_TYPE long long
| #define HAVE_STRUCT_DIRENT64 1
| #define HAVE_STRUCT_STAT64 1
| #define HAVE_OPEN64 1
| #define HAVE_LSEEK64 1
| #define HAVE_TYPE_OFF64_T 1
| /* end confdefs.h.  */
| #include <sys/types.h>
| #include <sys/param.h>
| 
| int
| main ()
| {
| #if BYTE_ORDER != BIG_ENDIAN
|  not big endian
| #endif
| 
|   ;
|   return 0;
| }
configure:7916: result: no
configure:7966: checking for fd_set in sys/types
configure:7988: gcc -c -Os -fomit-frame-pointer -g -pipe -Os -fomit-frame-pointer conftest.c >&5
configure:7994: $? = 0
configure:7998: test -z 
			 || test ! -s conftest.err
configure:8001: $? = 0
configure:8004: test -s conftest.o
configure:8007: $? = 0
configure:8018: result: yes
configure:8083: checking sys/time.h usability
configure:8095: gcc -c -Os -fomit-frame-pointer -g -pipe -Os -fomit-frame-pointer conftest.c >&5
configure:8101: $? = 0
configure:8105: test -z 
			 || test ! -s conftest.err
configure:8108: $? = 0
configure:8111: test -s conftest.o
configure:8114: $? = 0
configure:8124: result: yes
configure:8128: checking sys/time.h presence
configure:8138: gcc -E -Os -fomit-frame-pointer conftest.c
configure:8144: $? = 0
configure:8164: result: yes
configure:8199: checking for sys/time.h
configure:8206: result: yes
configure:8219: checking whether time.h and sys/time.h may both be included
configure:8244: gcc -c -Os -fomit-frame-pointer -g -pipe -Os -fomit-frame-pointer conftest.c >&5
configure:8250: $? = 0
configure:8254: test -z 
			 || test ! -s conftest.err
configure:8257: $? = 0
configure:8260: test -s conftest.o
configure:8263: $? = 0
configure:8274: result: yes
configure:8290: checking for mode_t
configure:8314: gcc -c -Os -fomit-frame-pointer -g -pipe -Os -fomit-frame-pointer conftest.c >&5
configure:8320: $? = 0
configure:8324: test -z 
			 || test ! -s conftest.err
configure:8327: $? = 0
configure:8330: test -s conftest.o
configure:8333: $? = 0
configure:8344: result: yes
configure:8356: checking for pid_t
configure:8380: gcc -c -Os -fomit-frame-pointer -g -pipe -Os -fomit-frame-pointer conftest.c >&5
configure:8386: $? = 0
configure:8390: test -z 
			 || test ! -s conftest.err
configure:8393: $? = 0
configure:8396: test -s conftest.o
configure:8399: $? = 0
configure:8410: result: yes
configure:8422: checking for size_t
configure:8446: gcc -c -Os -fomit-frame-pointer -g -pipe -Os -fomit-frame-pointer conftest.c >&5
configure:8452: $? = 0
configure:8456: test -z 
			 || test ! -s conftest.err
configure:8459: $? = 0
configure:8462: test -s conftest.o
configure:8465: $? = 0
configure:8476: result: yes
configure:8488: checking for uid_t in sys/types.h
configure:8511: result: yes
configure:8527: checking for intptr_t
configure:8551: gcc -c -Os -fomit-frame-pointer -g -pipe -Os -fomit-frame-pointer conftest.c >&5
configure:8557: $? = 0
configure:8561: test -z 
			 || test ! -s conftest.err
configure:8564: $? = 0
configure:8567: test -s conftest.o
configure:8570: $? = 0
configure:8581: result: yes
configure:8662: checking for uintptr_t
configure:8686: gcc -c -Os -fomit-frame-pointer -g -pipe -Os -fomit-frame-pointer conftest.c >&5
configure:8692: $? = 0
configure:8696: test -z 
			 || test ! -s conftest.err
configure:8699: $? = 0
configure:8702: test -s conftest.o
configure:8705: $? = 0
configure:8716: result: yes
configure:8803: checking pw_gecos in struct pwd
configure:8825: gcc -c -Os -fomit-frame-pointer -g -pipe -Os -fomit-frame-pointer conftest.c >&5
configure:8831: $? = 0
configure:8835: test -z 
			 || test ! -s conftest.err
configure:8838: $? = 0
configure:8841: test -s conftest.o
configure:8844: $? = 0
configure:8855: result: yes
configure:9365: checking for X
configure:9470: gcc -E -Os -fomit-frame-pointer conftest.c
configure:9476: $? = 0
configure:9526: gcc -o conftest -Os -fomit-frame-pointer -g -pipe -Os -fomit-frame-pointer -Wl,--as-needed,-O1,--sort-common -Wl,--export-dynamic  conftest.c -lX11  -lpthread >&5
configure:9532: $? = 0
configure:9536: test -z 
			 || test ! -s conftest.err
configure:9539: $? = 0
configure:9542: test -s conftest
configure:9545: $? = 0
configure:9595: result: libraries , headers 
configure:9610: gcc -E -Os -fomit-frame-pointer conftest.c
configure:9616: $? = 0
configure:9845: checking for main in -lXbsd
configure:9869: gcc -o conftest -Os -fomit-frame-pointer -g -pipe -Os -fomit-frame-pointer -Wl,--as-needed,-O1,--sort-common -Wl,--export-dynamic  conftest.c -lXbsd   -lpthread >&5
/usr/lib/gcc/i586-alpine-linux-musl/10.3.1/../../../../i586-alpine-linux-musl/bin/ld: cannot find -lXbsd
collect2: error: ld returned 1 exit status
configure:9875: $? = 1
configure: failed program was:
| /* confdefs.h.  */
| 
| #define PACKAGE_NAME "tk"
| #define PACKAGE_TARNAME "tk"
| #define PACKAGE_VERSION "8.6"
| #define PACKAGE_STRING "tk 8.6"
| #define PACKAGE_BUGREPORT ""
| #define STDC_HEADERS 1
| #define HAVE_SYS_TYPES_H 1
| #define HAVE_SYS_STAT_H 1
| #define HAVE_STDLIB_H 1
| #define HAVE_STRING_H 1
| #define HAVE_MEMORY_H 1
| #define HAVE_STRINGS_H 1
| #define HAVE_INTTYPES_H 1
| #define HAVE_STDINT_H 1
| #define HAVE_UNISTD_H 1
| #define USE_THREAD_ALLOC 1
| #define _REENTRANT 1
| #define _THREAD_SAFE 1
| #define HAVE_PTHREAD_ATTR_SETSTACKSIZE 1
| #define HAVE_PTHREAD_ATFORK 1
| #define TCL_THREADS 1
| #define MODULE_SCOPE extern __attribute__((__visibility__("hidden")))
| #define HAVE_HIDDEN 1
| #define HAVE_CAST_TO_UNION 1
| #define TCL_SHLIB_EXT ".so"
| #define NDEBUG 1
| #define TCL_CFG_OPTIMIZED 1
| #define _LARGEFILE64_SOURCE 1
| #define TCL_WIDE_INT_TYPE long long
| #define HAVE_STRUCT_DIRENT64 1
| #define HAVE_STRUCT_STAT64 1
| #define HAVE_OPEN64 1
| #define HAVE_LSEEK64 1
| #define HAVE_TYPE_OFF64_T 1
| #define HAVE_SYS_TIME_H 1
| #define TIME_WITH_SYS_TIME 1
| #define HAVE_INTPTR_T 1
| #define HAVE_UINTPTR_T 1
| #define HAVE_PW_GECOS 1
| /* end confdefs.h.  */
| 
| 
| int
| main ()
| {
| main ();
|   ;
|   return 0;
| }
configure:9901: result: no
configure:9992: checking whether to use xft
configure:10015: result: yes
configure:10022: checking for X11/Xft/Xft.h
configure:10038: gcc -c -Os -fomit-frame-pointer -g -pipe  -I/usr/include/freetype2 -I/usr/include/libpng16 -I/usr/include/uuid  -Os -fomit-frame-pointer conftest.c >&5
configure:10044: $? = 0
configure:10048: test -z 
			 || test ! -s conftest.err
configure:10051: $? = 0
configure:10054: test -s conftest.o
configure:10057: $? = 0
configure:10068: result: yes
configure:10088: checking for XftFontOpen in -lXft
configure:10118: gcc -o conftest -Os -fomit-frame-pointer -g -pipe  -I/usr/include/freetype2 -I/usr/include/libpng16 -I/usr/include/uuid  -Os -fomit-frame-pointer -Wl,--as-needed,-O1,--sort-common -Wl,--export-dynamic  conftest.c -lXft   -lXft -lfontconfig -lfreetype  -lX11 >&5
configure:10124: $? = 0
configure:10128: test -z 
			 || test ! -s conftest.err
configure:10131: $? = 0
configure:10134: test -s conftest
configure:10137: $? = 0
configure:10150: result: yes
configure:10173: checking for FcFontSort in -lfontconfig
configure:10203: gcc -o conftest -Os -fomit-frame-pointer -g -pipe  -I/usr/include/freetype2 -I/usr/include/libpng16 -I/usr/include/uuid  -Os -fomit-frame-pointer -Wl,--as-needed,-O1,--sort-common -Wl,--export-dynamic  conftest.c -lfontconfig   -lXft -lfontconfig -lfreetype  -lX11 -lfontconfig >&5
configure:10209: $? = 0
configure:10213: test -z 
			 || test ! -s conftest.err
configure:10216: $? = 0
configure:10219: test -s conftest
configure:10222: $? = 0
configure:10235: result: yes
configure:10282: checking for X11/XKBlib.h
configure:10298: gcc -c -Os -fomit-frame-pointer -g -pipe  -Os -fomit-frame-pointer conftest.c >&5
configure:10304: $? = 0
configure:10308: test -z 
			 || test ! -s conftest.err
configure:10311: $? = 0
configure:10314: test -s conftest.o
configure:10317: $? = 0
configure:10328: result: yes
configure:10342: checking for XkbKeycodeToKeysym in -lX11
configure:10372: gcc -o conftest -Os -fomit-frame-pointer -g -pipe  -Os -fomit-frame-pointer -Wl,--as-needed,-O1,--sort-common -Wl,--export-dynamic  conftest.c -lX11   -lpthread -lX11 >&5
configure:10378: $? = 0
configure:10382: test -z 
			 || test ! -s conftest.err
configure:10385: $? = 0
configure:10388: test -s conftest
configure:10391: $? = 0
configure:10404: result: yes
configure:10435: checking whether XKeycodeToKeysym is deprecated
configure:10459: gcc -o conftest -Os -fomit-frame-pointer -g -pipe -Werror -Os -fomit-frame-pointer -Wl,--as-needed,-O1,--sort-common -Wl,--export-dynamic  conftest.c  -lpthread >&5
conftest.c: In function 'main':
conftest.c:53:2: error: 'XKeycodeToKeysym' is deprecated [-Werror=deprecated-declarations]
   53 |  XKeycodeToKeysym(0,0,0);
      |  ^~~~~~~~~~~~~~~~
In file included from conftest.c:47:
/usr/include/X11/Xlib.h:1687:15: note: declared here
 1687 | extern KeySym XKeycodeToKeysym(
      |               ^~~~~~~~~~~~~~~~
cc1: all warnings being treated as errors
configure:10465: $? = 1
configure: failed program was:
| /* confdefs.h.  */
| 
| #define PACKAGE_NAME "tk"
| #define PACKAGE_TARNAME "tk"
| #define PACKAGE_VERSION "8.6"
| #define PACKAGE_STRING "tk 8.6"
| #define PACKAGE_BUGREPORT ""
| #define STDC_HEADERS 1
| #define HAVE_SYS_TYPES_H 1
| #define HAVE_SYS_STAT_H 1
| #define HAVE_STDLIB_H 1
| #define HAVE_STRING_H 1
| #define HAVE_MEMORY_H 1
| #define HAVE_STRINGS_H 1
| #define HAVE_INTTYPES_H 1
| #define HAVE_STDINT_H 1
| #define HAVE_UNISTD_H 1
| #define USE_THREAD_ALLOC 1
| #define _REENTRANT 1
| #define _THREAD_SAFE 1
| #define HAVE_PTHREAD_ATTR_SETSTACKSIZE 1
| #define HAVE_PTHREAD_ATFORK 1
| #define TCL_THREADS 1
| #define MODULE_SCOPE extern __attribute__((__visibility__("hidden")))
| #define HAVE_HIDDEN 1
| #define HAVE_CAST_TO_UNION 1
| #define TCL_SHLIB_EXT ".so"
| #define NDEBUG 1
| #define TCL_CFG_OPTIMIZED 1
| #define _LARGEFILE64_SOURCE 1
| #define TCL_WIDE_INT_TYPE long long
| #define HAVE_STRUCT_DIRENT64 1
| #define HAVE_STRUCT_STAT64 1
| #define HAVE_OPEN64 1
| #define HAVE_LSEEK64 1
| #define HAVE_TYPE_OFF64_T 1
| #define HAVE_SYS_TIME_H 1
| #define TIME_WITH_SYS_TIME 1
| #define HAVE_INTPTR_T 1
| #define HAVE_UINTPTR_T 1
| #define HAVE_PW_GECOS 1
| #define HAVE_LIBXFT 1
| #define HAVE_XFT 1
| #define HAVE_XKBKEYCODETOKEYSYM 1
| /* end confdefs.h.  */
| 
| 	#include <X11/Xlib.h>
| 
| int
| main ()
| {
| 
| 	XKeycodeToKeysym(0,0,0);
| 
|   ;
|   return 0;
| }
configure:10489: result: yes
configure:10519: checking whether to try to use XScreenSaver
configure:10532: result: yes
configure:10534: checking for X11/extensions/scrnsaver.h
configure:10550: gcc -c -Os -fomit-frame-pointer -g -pipe  -Os -fomit-frame-pointer conftest.c >&5
conftest.c:49:10: fatal error: X11/extensions/scrnsaver.h: No such file or directory
   49 | #include <X11/extensions/scrnsaver.h>
      |          ^~~~~~~~~~~~~~~~~~~~~~~~~~~~
compilation terminated.
configure:10556: $? = 1
configure: failed program was:
| /* confdefs.h.  */
| 
| #define PACKAGE_NAME "tk"
| #define PACKAGE_TARNAME "tk"
| #define PACKAGE_VERSION "8.6"
| #define PACKAGE_STRING "tk 8.6"
| #define PACKAGE_BUGREPORT ""
| #define STDC_HEADERS 1
| #define HAVE_SYS_TYPES_H 1
| #define HAVE_SYS_STAT_H 1
| #define HAVE_STDLIB_H 1
| #define HAVE_STRING_H 1
| #define HAVE_MEMORY_H 1
| #define HAVE_STRINGS_H 1
| #define HAVE_INTTYPES_H 1
| #define HAVE_STDINT_H 1
| #define HAVE_UNISTD_H 1
| #define USE_THREAD_ALLOC 1
| #define _REENTRANT 1
| #define _THREAD_SAFE 1
| #define HAVE_PTHREAD_ATTR_SETSTACKSIZE 1
| #define HAVE_PTHREAD_ATFORK 1
| #define TCL_THREADS 1
| #define MODULE_SCOPE extern __attribute__((__visibility__("hidden")))
| #define HAVE_HIDDEN 1
| #define HAVE_CAST_TO_UNION 1
| #define TCL_SHLIB_EXT ".so"
| #define NDEBUG 1
| #define TCL_CFG_OPTIMIZED 1
| #define _LARGEFILE64_SOURCE 1
| #define TCL_WIDE_INT_TYPE long long
| #define HAVE_STRUCT_DIRENT64 1
| #define HAVE_STRUCT_STAT64 1
| #define HAVE_OPEN64 1
| #define HAVE_LSEEK64 1
| #define HAVE_TYPE_OFF64_T 1
| #define HAVE_SYS_TIME_H 1
| #define TIME_WITH_SYS_TIME 1
| #define HAVE_INTPTR_T 1
| #define HAVE_UINTPTR_T 1
| #define HAVE_PW_GECOS 1
| #define HAVE_LIBXFT 1
| #define HAVE_XFT 1
| #define HAVE_XKBKEYCODETOKEYSYM 1
| #define XKEYCODETOKEYSYM_IS_DEPRECATED 1
| /* end confdefs.h.  */
| #include <X11/Xlib.h>
| 
| #include <X11/extensions/scrnsaver.h>
configure:10580: result: no
configure:10589: checking for XScreenSaverQueryInfo
configure:10646: gcc -o conftest -Os -fomit-frame-pointer -g -pipe  -Os -fomit-frame-pointer -Wl,--as-needed,-O1,--sort-common -Wl,--export-dynamic  conftest.c  -lpthread -lX11 >&5
/usr/lib/gcc/i586-alpine-linux-musl/10.3.1/../../../../i586-alpine-linux-musl/bin/ld: /tmp/ccmpjkEH.o: in function `main':
/usr/src/jcomeauictx/aports/main/tk/src/tk8.6.10/unix/conftest.c:87: undefined reference to `XScreenSaverQueryInfo'
/usr/lib/gcc/i586-alpine-linux-musl/10.3.1/../../../../i586-alpine-linux-musl/bin/ld: /tmp/ccmpjkEH.o:/usr/src/jcomeauictx/aports/main/tk/src/tk8.6.10/unix/conftest.c:78: undefined reference to `XScreenSaverQueryInfo'
collect2: error: ld returned 1 exit status
configure:10652: $? = 1
configure: failed program was:
| /* confdefs.h.  */
| 
| #define PACKAGE_NAME "tk"
| #define PACKAGE_TARNAME "tk"
| #define PACKAGE_VERSION "8.6"
| #define PACKAGE_STRING "tk 8.6"
| #define PACKAGE_BUGREPORT ""
| #define STDC_HEADERS 1
| #define HAVE_SYS_TYPES_H 1
| #define HAVE_SYS_STAT_H 1
| #define HAVE_STDLIB_H 1
| #define HAVE_STRING_H 1
| #define HAVE_MEMORY_H 1
| #define HAVE_STRINGS_H 1
| #define HAVE_INTTYPES_H 1
| #define HAVE_STDINT_H 1
| #define HAVE_UNISTD_H 1
| #define USE_THREAD_ALLOC 1
| #define _REENTRANT 1
| #define _THREAD_SAFE 1
| #define HAVE_PTHREAD_ATTR_SETSTACKSIZE 1
| #define HAVE_PTHREAD_ATFORK 1
| #define TCL_THREADS 1
| #define MODULE_SCOPE extern __attribute__((__visibility__("hidden")))
| #define HAVE_HIDDEN 1
| #define HAVE_CAST_TO_UNION 1
| #define TCL_SHLIB_EXT ".so"
| #define NDEBUG 1
| #define TCL_CFG_OPTIMIZED 1
| #define _LARGEFILE64_SOURCE 1
| #define TCL_WIDE_INT_TYPE long long
| #define HAVE_STRUCT_DIRENT64 1
| #define HAVE_STRUCT_STAT64 1
| #define HAVE_OPEN64 1
| #define HAVE_LSEEK64 1
| #define HAVE_TYPE_OFF64_T 1
| #define HAVE_SYS_TIME_H 1
| #define TIME_WITH_SYS_TIME 1
| #define HAVE_INTPTR_T 1
| #define HAVE_UINTPTR_T 1
| #define HAVE_PW_GECOS 1
| #define HAVE_LIBXFT 1
| #define HAVE_XFT 1
| #define HAVE_XKBKEYCODETOKEYSYM 1
| #define XKEYCODETOKEYSYM_IS_DEPRECATED 1
| /* end confdefs.h.  */
| /* Define XScreenSaverQueryInfo to an innocuous variant, in case <limits.h> declares XScreenSaverQueryInfo.
|    For example, HP-UX 11i <limits.h> declares gettimeofday.  */
| #define XScreenSaverQueryInfo innocuous_XScreenSaverQueryInfo
| 
| /* System header to define __stub macros and hopefully few prototypes,
|     which can conflict with char XScreenSaverQueryInfo (); below.
|     Prefer <limits.h> to <assert.h> if __STDC__ is defined, since
|     <limits.h> exists even on freestanding compilers.  */
| 
| #ifdef __STDC__
| # include <limits.h>
| #else
| # include <assert.h>
| #endif
| 
| #undef XScreenSaverQueryInfo
| 
| /* Override any gcc2 internal prototype to avoid an error.  */
| #ifdef __cplusplus
| extern "C"
| {
| #endif
| /* We use char because int might match the return type of a gcc2
|    builtin and then its argument prototype would still apply.  */
| char XScreenSaverQueryInfo ();
| /* The GNU C library defines this for functions which it implements
|     to always fail with ENOSYS.  Some functions are actually named
|     something starting with __ and the normal name is an alias.  */
| #if defined (__stub_XScreenSaverQueryInfo) || defined (__stub___XScreenSaverQueryInfo)
| choke me
| #else
| char (*f) () = XScreenSaverQueryInfo;
| #endif
| #ifdef __cplusplus
| }
| #endif
| 
| int
| main ()
| {
| return f != XScreenSaverQueryInfo;
|   ;
|   return 0;
| }
configure:10677: result: no
configure:10683: checking for XScreenSaverQueryInfo in -lXext
configure:10713: gcc -o conftest -Os -fomit-frame-pointer -g -pipe  -Os -fomit-frame-pointer -Wl,--as-needed,-O1,--sort-common -Wl,--export-dynamic  conftest.c -lXext   -lpthread -lX11 >&5
/usr/lib/gcc/i586-alpine-linux-musl/10.3.1/../../../../i586-alpine-linux-musl/bin/ld: cannot find -lXext
collect2: error: ld returned 1 exit status
configure:10719: $? = 1
configure: failed program was:
| /* confdefs.h.  */
| 
| #define PACKAGE_NAME "tk"
| #define PACKAGE_TARNAME "tk"
| #define PACKAGE_VERSION "8.6"
| #define PACKAGE_STRING "tk 8.6"
| #define PACKAGE_BUGREPORT ""
| #define STDC_HEADERS 1
| #define HAVE_SYS_TYPES_H 1
| #define HAVE_SYS_STAT_H 1
| #define HAVE_STDLIB_H 1
| #define HAVE_STRING_H 1
| #define HAVE_MEMORY_H 1
| #define HAVE_STRINGS_H 1
| #define HAVE_INTTYPES_H 1
| #define HAVE_STDINT_H 1
| #define HAVE_UNISTD_H 1
| #define USE_THREAD_ALLOC 1
| #define _REENTRANT 1
| #define _THREAD_SAFE 1
| #define HAVE_PTHREAD_ATTR_SETSTACKSIZE 1
| #define HAVE_PTHREAD_ATFORK 1
| #define TCL_THREADS 1
| #define MODULE_SCOPE extern __attribute__((__visibility__("hidden")))
| #define HAVE_HIDDEN 1
| #define HAVE_CAST_TO_UNION 1
| #define TCL_SHLIB_EXT ".so"
| #define NDEBUG 1
| #define TCL_CFG_OPTIMIZED 1
| #define _LARGEFILE64_SOURCE 1
| #define TCL_WIDE_INT_TYPE long long
| #define HAVE_STRUCT_DIRENT64 1
| #define HAVE_STRUCT_STAT64 1
| #define HAVE_OPEN64 1
| #define HAVE_LSEEK64 1
| #define HAVE_TYPE_OFF64_T 1
| #define HAVE_SYS_TIME_H 1
| #define TIME_WITH_SYS_TIME 1
| #define HAVE_INTPTR_T 1
| #define HAVE_UINTPTR_T 1
| #define HAVE_PW_GECOS 1
| #define HAVE_LIBXFT 1
| #define HAVE_XFT 1
| #define HAVE_XKBKEYCODETOKEYSYM 1
| #define XKEYCODETOKEYSYM_IS_DEPRECATED 1
| /* end confdefs.h.  */
| 
| /* Override any gcc2 internal prototype to avoid an error.  */
| #ifdef __cplusplus
| extern "C"
| #endif
| /* We use char because int might match the return type of a gcc2
|    builtin and then its argument prototype would still apply.  */
| char XScreenSaverQueryInfo ();
| int
| main ()
| {
| XScreenSaverQueryInfo ();
|   ;
|   return 0;
| }
configure:10745: result: no
configure:10754: checking for XScreenSaverQueryInfo in -lXss
configure:10784: gcc -o conftest -Os -fomit-frame-pointer -g -pipe  -Os -fomit-frame-pointer -Wl,--as-needed,-O1,--sort-common -Wl,--export-dynamic  conftest.c -lXss -lXext  -lpthread -lX11 >&5
/usr/lib/gcc/i586-alpine-linux-musl/10.3.1/../../../../i586-alpine-linux-musl/bin/ld: cannot find -lXss
/usr/lib/gcc/i586-alpine-linux-musl/10.3.1/../../../../i586-alpine-linux-musl/bin/ld: cannot find -lXext
collect2: error: ld returned 1 exit status
configure:10790: $? = 1
configure: failed program was:
| /* confdefs.h.  */
| 
| #define PACKAGE_NAME "tk"
| #define PACKAGE_TARNAME "tk"
| #define PACKAGE_VERSION "8.6"
| #define PACKAGE_STRING "tk 8.6"
| #define PACKAGE_BUGREPORT ""
| #define STDC_HEADERS 1
| #define HAVE_SYS_TYPES_H 1
| #define HAVE_SYS_STAT_H 1
| #define HAVE_STDLIB_H 1
| #define HAVE_STRING_H 1
| #define HAVE_MEMORY_H 1
| #define HAVE_STRINGS_H 1
| #define HAVE_INTTYPES_H 1
| #define HAVE_STDINT_H 1
| #define HAVE_UNISTD_H 1
| #define USE_THREAD_ALLOC 1
| #define _REENTRANT 1
| #define _THREAD_SAFE 1
| #define HAVE_PTHREAD_ATTR_SETSTACKSIZE 1
| #define HAVE_PTHREAD_ATFORK 1
| #define TCL_THREADS 1
| #define MODULE_SCOPE extern __attribute__((__visibility__("hidden")))
| #define HAVE_HIDDEN 1
| #define HAVE_CAST_TO_UNION 1
| #define TCL_SHLIB_EXT ".so"
| #define NDEBUG 1
| #define TCL_CFG_OPTIMIZED 1
| #define _LARGEFILE64_SOURCE 1
| #define TCL_WIDE_INT_TYPE long long
| #define HAVE_STRUCT_DIRENT64 1
| #define HAVE_STRUCT_STAT64 1
| #define HAVE_OPEN64 1
| #define HAVE_LSEEK64 1
| #define HAVE_TYPE_OFF64_T 1
| #define HAVE_SYS_TIME_H 1
| #define TIME_WITH_SYS_TIME 1
| #define HAVE_INTPTR_T 1
| #define HAVE_UINTPTR_T 1
| #define HAVE_PW_GECOS 1
| #define HAVE_LIBXFT 1
| #define HAVE_XFT 1
| #define HAVE_XKBKEYCODETOKEYSYM 1
| #define XKEYCODETOKEYSYM_IS_DEPRECATED 1
| /* end confdefs.h.  */
| 
| /* Override any gcc2 internal prototype to avoid an error.  */
| #ifdef __cplusplus
| extern "C"
| #endif
| /* We use char because int might match the return type of a gcc2
|    builtin and then its argument prototype would still apply.  */
| char XScreenSaverQueryInfo ();
| int
| main ()
| {
| XScreenSaverQueryInfo ();
|   ;
|   return 0;
| }
configure:10816: result: no
configure:10855: checking whether char is unsigned
configure:10878: gcc -c -Os -fomit-frame-pointer -g -pipe -Os -fomit-frame-pointer conftest.c >&5
configure:10884: $? = 0
configure:10888: test -z 
			 || test ! -s conftest.err
configure:10891: $? = 0
configure:10894: test -s conftest.o
configure:10897: $? = 0
configure:10908: result: no
configure:11276: creating ./config.status

## ---------------------- ##
## Running config.status. ##
## ---------------------- ##

This file was extended by tk config.status 8.6, which was
generated by GNU Autoconf 2.59.  Invocation command line was

  CONFIG_FILES    = 
  CONFIG_HEADERS  = 
  CONFIG_LINKS    = 
  CONFIG_COMMANDS = 
  $ ./config.status 

on c2c75a9a29fc

config.status:738: creating Makefile
config.status:738: creating tkConfig.sh
config.status:738: creating tk.pc

## ---------------- ##
## Cache variables. ##
## ---------------- ##

ac_cv_c_bigendian='no'
ac_cv_c_char_unsigned='no'
ac_cv_c_compiler_gnu='yes'
ac_cv_c_inline='inline'
ac_cv_c_tclconfig='/usr/lib'
ac_cv_env_CC_set='set'
ac_cv_env_CC_value='gcc'
ac_cv_env_CFLAGS_set='set'
ac_cv_env_CFLAGS_value='-Os -fomit-frame-pointer -g'
ac_cv_env_CPPFLAGS_set='set'
ac_cv_env_CPPFLAGS_value='-Os -fomit-frame-pointer'
ac_cv_env_CPP_set=''
ac_cv_env_CPP_value=''
ac_cv_env_LDFLAGS_set='set'
ac_cv_env_LDFLAGS_value='-Wl,--as-needed,-O1,--sort-common'
ac_cv_env_build_alias_set='set'
ac_cv_env_build_alias_value='i586-alpine-linux-musl'
ac_cv_env_host_alias_set='set'
ac_cv_env_host_alias_value='i586-alpine-linux-musl'
ac_cv_env_target_alias_set=''
ac_cv_env_target_alias_value=''
ac_cv_exeext=''
ac_cv_func_XScreenSaverQueryInfo='no'
ac_cv_func_lseek64='yes'
ac_cv_func_open64='yes'
ac_cv_func_pthread_atfork='yes'
ac_cv_func_pthread_attr_setstacksize='yes'
ac_cv_have_x='have_x=yes 		ac_x_includes= ac_x_libraries='
ac_cv_header_X11_XKBlib_h='yes'
ac_cv_header_X11_Xft_Xft_h='yes'
ac_cv_header_X11_extensions_scrnsaver_h='no'
ac_cv_header_inttypes_h='yes'
ac_cv_header_memory_h='yes'
ac_cv_header_stdc='yes'
ac_cv_header_stdint_h='yes'
ac_cv_header_stdlib_h='yes'
ac_cv_header_string_h='yes'
ac_cv_header_strings_h='yes'
ac_cv_header_sys_stat_h='yes'
ac_cv_header_sys_time_h='yes'
ac_cv_header_sys_types_h='yes'
ac_cv_header_time='yes'
ac_cv_header_unistd_h='yes'
ac_cv_lib_X11_XkbKeycodeToKeysym='yes'
ac_cv_lib_Xbsd_main='no'
ac_cv_lib_Xext_XScreenSaverQueryInfo='no'
ac_cv_lib_Xft_XftFontOpen='yes'
ac_cv_lib_Xss_XScreenSaverQueryInfo='no'
ac_cv_lib_dl_dlopen='yes'
ac_cv_lib_fontconfig_FcFontSort='yes'
ac_cv_lib_pthread_pthread_mutex_init='yes'
ac_cv_objext='o'
ac_cv_path_tclsh='/usr/bin/tclsh8.6'
ac_cv_prog_CC='gcc'
ac_cv_prog_CPP='gcc -E'
ac_cv_prog_ac_ct_AR='ar'
ac_cv_prog_ac_ct_RANLIB='ranlib'
ac_cv_prog_cc_g='yes'
ac_cv_prog_cc_stdc=''
ac_cv_prog_egrep='grep -E'
ac_cv_type_intptr_t='yes'
ac_cv_type_mode_t='yes'
ac_cv_type_pid_t='yes'
ac_cv_type_size_t='yes'
ac_cv_type_uid_t='yes'
ac_cv_type_uintptr_t='yes'
tcl_cv_DIR64='no'
tcl_cv_cast_to_union='yes'
tcl_cv_cc_pipe='yes'
tcl_cv_cc_visibility_hidden='yes'
tcl_cv_flag__isoc99_source='no'
tcl_cv_flag__largefile64_source='yes'
tcl_cv_flag__largefile_source64='no'
tcl_cv_pwd_pw_gecos='yes'
tcl_cv_struct_dirent64='yes'
tcl_cv_struct_stat64='yes'
tcl_cv_sys_version='Linux-6.12.43+deb13-amd64'
tcl_cv_type_64bit='long long'
tcl_cv_type_fd_set='yes'
tcl_cv_type_off64_t='yes'

## ----------------- ##
## Output variables. ##
## ----------------- ##

APP_RSRC_FILE=''
AR='ar'
BUILD_TCLSH='/usr/lib/tclsh'
CC='gcc'
CC_SEARCH_FLAGS='-Wl,-rpath,${LIB_RUNTIME_DIR}'
CFBUNDLELOCALIZATIONS=''
CFLAGS='-Os -fomit-frame-pointer -g -pipe -Os -fomit-frame-pointer'
CFLAGS_DEBUG='-g'
CFLAGS_DEFAULT='$(CFLAGS_OPTIMIZE)'
CFLAGS_OPTIMIZE='-O2'
CFLAGS_WARNING='-Wall'
CPP='gcc -E'
CPPFLAGS=''
DEFS='-DPACKAGE_NAME=\"tk\" -DPACKAGE_TARNAME=\"tk\" -DPACKAGE_VERSION=\"8.6\" -DPACKAGE_STRING=\"tk\ 8.6\" -DPACKAGE_BUGREPORT=\"\" -DSTDC_HEADERS=1 -DHAVE_SYS_TYPES_H=1 -DHAVE_SYS_STAT_H=1 -DHAVE_STDLIB_H=1 -DHAVE_STRING_H=1 -DHAVE_MEMORY_H=1 -DHAVE_STRINGS_H=1 -DHAVE_INTTYPES_H=1 -DHAVE_STDINT_H=1 -DHAVE_UNISTD_H=1 -DUSE_THREAD_ALLOC=1 -D_REENTRANT=1 -D_THREAD_SAFE=1 -DHAVE_PTHREAD_ATTR_SETSTACKSIZE=1 -DHAVE_PTHREAD_ATFORK=1 -DTCL_THREADS=1 -DMODULE_SCOPE=extern\ __attribute__\(\(__visibility__\(\"hidden\"\)\)\) -DHAVE_HIDDEN=1 -DHAVE_CAST_TO_UNION=1 -DTCL_SHLIB_EXT=\".so\" -DNDEBUG=1 -DTCL_CFG_OPTIMIZED=1 -D_LARGEFILE64_SOURCE=1 -DTCL_WIDE_INT_TYPE=long\ long -DHAVE_STRUCT_DIRENT64=1 -DHAVE_STRUCT_STAT64=1 -DHAVE_OPEN64=1 -DHAVE_LSEEK64=1 -DHAVE_TYPE_OFF64_T=1 -DHAVE_SYS_TIME_H=1 -DTIME_WITH_SYS_TIME=1 -DHAVE_INTPTR_T=1 -DHAVE_UINTPTR_T=1 -DHAVE_PW_GECOS=1 -DHAVE_LIBXFT=1 -DHAVE_XFT=1 -DHAVE_XKBKEYCODETOKEYSYM=1 -DXKEYCODETOKEYSYM_IS_DEPRECATED=1 '
DLL_INSTALL_DIR='$(LIB_INSTALL_DIR)'
DL_LIBS='-ldl'
DL_OBJS='tclLoadDl.o'
ECHO_C=''
ECHO_N='-n'
ECHO_T=''
EGREP='grep -E'
EXEEXT=''
EXTRA_APP_CC_SWITCHES=''
EXTRA_BUILD_HTML=''
EXTRA_CC_SWITCHES=''
EXTRA_INSTALL=''
EXTRA_INSTALL_BINARIES=''
EXTRA_WISH_LIBS=''
HTML_DIR='$(DISTDIR)/html'
INSTALL_LIB='$(INSTALL_LIBRARY) $(LIB_FILE) "$(LIB_INSTALL_DIR)/$(LIB_FILE)"'
INSTALL_STUB_LIB='$(INSTALL_LIBRARY) $(STUB_LIB_FILE) "$(LIB_INSTALL_DIR)/$(STUB_LIB_FILE)"'
LDAIX_SRC=''
LDFLAGS='-Wl,--as-needed,-O1,--sort-common -Wl,--export-dynamic '
LDFLAGS_DEBUG=''
LDFLAGS_DEFAULT='$(LDFLAGS_OPTIMIZE)'
LDFLAGS_OPTIMIZE=''
LD_LIBRARY_PATH_VAR='LD_LIBRARY_PATH'
LD_SEARCH_FLAGS='-Wl,-rpath,${LIB_RUNTIME_DIR}'
LIBOBJS=''
LIBS=' -lpthread'
LIB_RSRC_FILE=''
LIB_RUNTIME_DIR='$(libdir)'
LOCALES='cs da de el en en_gb eo es fr hu it nl pl pt ru sv'
LTLIBOBJS=''
MAKE_LIB='${SHLIB_LD} -o $@ ${OBJS} ${SHLIB_LD_LIBS} ${TCL_SHLIB_LD_EXTRAS} ${TK_SHLIB_LD_EXTRAS} ${LD_SEARCH_FLAGS}'
MAKE_STUB_LIB='${STLIB_LD} $@ ${STUB_LIB_OBJS} ; ${RANLIB} $@'
MAN_FLAGS=''
OBJEXT='o'
PACKAGE_BUGREPORT=''
PACKAGE_NAME='tk'
PACKAGE_STRING='tk 8.6'
PACKAGE_TARNAME='tk'
PACKAGE_VERSION='8.6'
PATH_SEPARATOR=':'
PLAT_OBJS=''
PLAT_SRCS=''
PRIVATE_INCLUDE_DIR='$(includedir)'
RANLIB='ranlib'
REZ=''
REZ_FLAGS=''
SHELL='/bin/sh'
SHLIB_CFLAGS='-fPIC'
SHLIB_LD='${CC} ${CFLAGS} ${LDFLAGS} -shared'
SHLIB_LD_LIBS='${LIBS} ${TCL_STUB_LIB_SPEC}'
SHLIB_SUFFIX='.so'
STLIB_LD='${AR} cr'
TCLSH_PROG='/usr/bin/tclsh8.6'
TCL_BIN_DIR='/usr/lib'
TCL_LIBS='-ldl -lz  -lpthread '
TCL_LIB_FILE='libtcl8.6.so'
TCL_LIB_FLAG='-ltcl8.6'
TCL_LIB_SPEC='-L/usr/lib -ltcl8.6'
TCL_PATCH_LEVEL='.10'
TCL_SHLIB_LD_EXTRAS=''
TCL_SRC_DIR='/usr/src/tcl8.6.10'
TCL_STUB_FLAGS='-DUSE_TCL_STUBS'
TCL_STUB_LIB_FILE='libtclstub8.6.a'
TCL_STUB_LIB_FLAG='-ltclstub8.6'
TCL_STUB_LIB_SPEC='-L/usr/lib -ltclstub8.6'
TCL_THREADS='1'
TCL_VERSION='8.6'
TK_BUILD_LIB_SPEC='-L/usr/src/jcomeauictx/aports/main/tk/src/tk8.6.10/unix -ltk8.6'
TK_BUILD_STUB_LIB_PATH='/usr/src/jcomeauictx/aports/main/tk/src/tk8.6.10/unix/libtkstub8.6.a'
TK_BUILD_STUB_LIB_SPEC='-L/usr/src/jcomeauictx/aports/main/tk/src/tk8.6.10/unix -ltkstub8.6'
TK_INCLUDE_SPEC='-I/usr/include'
TK_LIBRARY='$(prefix)/lib/tk$(VERSION)'
TK_LIB_FILE='libtk8.6.so'
TK_LIB_FLAG='-ltk8.6'
TK_LIB_SPEC='-L/usr/lib -ltk8.6'
TK_MAJOR_VERSION='8'
TK_MINOR_VERSION='6'
TK_PATCH_LEVEL='.10'
TK_PKG_DIR='tk$(VERSION)'
TK_RSRC_FILE='tk$(VERSION).rsrc'
TK_SHARED_BUILD='1'
TK_SHLIB_LD_EXTRAS=''
TK_SRC_DIR='/usr/src/jcomeauictx/aports/main/tk/src/tk8.6.10'
TK_STUB_LIB_FILE='libtkstub8.6.a'
TK_STUB_LIB_FLAG='-ltkstub8.6'
TK_STUB_LIB_PATH='/usr/lib/libtkstub8.6.a'
TK_STUB_LIB_SPEC='-L/usr/lib -ltkstub8.6'
TK_VERSION='8.6'
TK_WINDOWINGSYSTEM='X11'
TK_YEAR=''
UNIX_FONT_OBJS='tkUnixRFont.o'
WISH_RSRC_FILE='wish$(VERSION).rsrc'
XFT_CFLAGS='-I/usr/include/freetype2 -I/usr/include/libpng16 -I/usr/include/uuid '
XFT_LIBS='-lXft -lfontconfig -lfreetype  -lfontconfig'
XINCLUDES=''
XLIBSW='-lX11'
ac_ct_AR='ar'
ac_ct_CC=''
ac_ct_RANLIB='ranlib'
bindir='${exec_prefix}/bin'
build_alias='i586-alpine-linux-musl'
datadir='${prefix}/share'
exec_prefix='/usr'
host_alias='i586-alpine-linux-musl'
includedir='${prefix}/include'
infodir='${prefix}/info'
libdir='/usr/lib'
libexecdir='${exec_prefix}/libexec'
localstatedir='${prefix}/var'
mandir='/usr/share/man'
oldincludedir='/usr/include'
prefix='/usr'
program_transform_name='s,x,x,'
sbindir='${exec_prefix}/sbin'
sharedstatedir='${prefix}/com'
sysconfdir='${prefix}/etc'
target_alias=''

## ----------- ##
## confdefs.h. ##
## ----------- ##

#define HAVE_CAST_TO_UNION 1
#define HAVE_HIDDEN 1
#define HAVE_INTPTR_T 1
#define HAVE_INTTYPES_H 1
#define HAVE_LIBXFT 1
#define HAVE_LSEEK64 1
#define HAVE_MEMORY_H 1
#define HAVE_OPEN64 1
#define HAVE_PTHREAD_ATFORK 1
#define HAVE_PTHREAD_ATTR_SETSTACKSIZE 1
#define HAVE_PW_GECOS 1
#define HAVE_STDINT_H 1
#define HAVE_STDLIB_H 1
#define HAVE_STRINGS_H 1
#define HAVE_STRING_H 1
#define HAVE_STRUCT_DIRENT64 1
#define HAVE_STRUCT_STAT64 1
#define HAVE_SYS_STAT_H 1
#define HAVE_SYS_TIME_H 1
#define HAVE_SYS_TYPES_H 1
#define HAVE_TYPE_OFF64_T 1
#define HAVE_UINTPTR_T 1
#define HAVE_UNISTD_H 1
#define HAVE_XFT 1
#define HAVE_XKBKEYCODETOKEYSYM 1
#define MODULE_SCOPE extern __attribute__((__visibility__("hidden")))
#define NDEBUG 1
#define PACKAGE_BUGREPORT ""
#define PACKAGE_NAME "tk"
#define PACKAGE_STRING "tk 8.6"
#define PACKAGE_TARNAME "tk"
#define PACKAGE_VERSION "8.6"
#define STDC_HEADERS 1
#define TCL_CFG_OPTIMIZED 1
#define TCL_SHLIB_EXT ".so"
#define TCL_THREADS 1
#define TCL_WIDE_INT_TYPE long long
#define TIME_WITH_SYS_TIME 1
#define USE_THREAD_ALLOC 1
#define XKEYCODETOKEYSYM_IS_DEPRECATED 1
#define _LARGEFILE64_SOURCE 1
#define _REENTRANT 1
#define _THREAD_SAFE 1

configure: exit 0
